<?xml version="1.0" encoding="UTF-8"?>
<!-- Generated by org.testng.reporters.JUnitReportReporter -->
<testsuite hostname="DESKTOP-NPAAFII" failures="0" tests="1" name="TestCases.LocationSelection" time="0.117" errors="0" timestamp="2024-03-26T12:00:41 IST" skipped="0">
  <testcase classname="TestCases.LocationSelection" name="crosshairViaLocation" time="0.117"/>
</testsuite> <!-- TestCases.LocationSelection -->
