<?xml version="1.0" encoding="UTF-8"?>
<!-- Generated by org.testng.reporters.JUnitReportReporter -->
<testsuite hostname="DESKTOP-NPAAFII" failures="0" tests="1" name="TestCases.locationFunction" time="3.520" errors="0" timestamp="2024-03-26T15:50:00 IST" skipped="0">
  <testcase classname="TestCases.locationFunction" name="locationSelection" time="3.520"/>
</testsuite> <!-- TestCases.locationFunction -->
