<?xml version="1.0" encoding="UTF-8"?>
<!-- Generated by org.testng.reporters.JUnitReportReporter -->
<testsuite hostname="DESKTOP-NPAAFII" failures="0" tests="1" name="beforeSignIn.Location" time="0.136" errors="0" timestamp="2024-03-01T15:22:36 IST" skipped="0">
  <testcase classname="beforeSignIn.Location" name="crosshairViaLocation" time="0.136"/>
</testsuite> <!-- beforeSignIn.Location -->
