<?xml version="1.0" encoding="UTF-8"?>
<!-- Generated by org.testng.reporters.JUnitReportReporter -->
<testsuite hostname="DESKTOP-NPAAFII" failures="0" tests="1" name="TestCases.storeLocatorFunction" time="0.697" errors="0" timestamp="2024-03-26T15:50:00 IST" skipped="0">
  <testcase classname="TestCases.storeLocatorFunction" name="storeLocator" time="0.697"/>
</testsuite> <!-- TestCases.storeLocatorFunction -->
