<?xml version="1.0" encoding="UTF-8"?>
<!-- Generated by org.testng.reporters.JUnitReportReporter -->
<testsuite hostname="DESKTOP-NPAAFII" failures="0" tests="1" name="commonFunctions.CommonFunctions" time="24.584" errors="0" timestamp="2024-04-04T17:07:20 IST" skipped="0">
  <testcase classname="commonFunctions.CommonFunctions" name="launchBrowser" time="24.584"/>
</testsuite> <!-- commonFunctions.CommonFunctions -->
